📢 Loading environment variables from a `.env` file in the directory tree.
  - NETWORK=testnet
  - ENDPOINT=http://localhost:3030
Starting the Devnode server...
2026-02-06T15:25:04.945088Z  INFO Loading the ledger from storage...
2026-02-06T15:25:04.980667Z DEBUG Queuing operation 'add block (ab1v6dqjy9zxagrezrx4slwxpanm6avwvpxvz4smdl58afh4j86zy8skz57ea)' for sequential processing
2026-02-06T15:25:04.980763Z DEBUG Sequentially processing operation 'add block (ab1v6dqjy9zxagrezrx4slwxpanm6avwvpxvz4smdl58afh4j86zy8skz57ea)'
2026-02-06T15:25:04.989040Z TRACE Updating the current epoch hash at block 0 to 'ab1qqqqqqqqqqqqqqqqqqqqqqqqqqqqqqqqqqqqqqqqqqqqqqqqqqqq5g436j'
2026-02-06T15:25:04.989138Z DEBUG REST rate limit per IP - 999999999 RPS
2026-02-06T15:25:05.189995Z TRACE registering event source with poller: token=Token(5425466880), interests=READABLE | WRITABLE
Server running on http://127.0.0.1:3030
Advancing the Devnode to the latest consensus version
2026-02-06T15:25:05.190177Z TRACE (ThreadId(1)) park without timeout
2026-02-06T15:25:05.190243Z TRACE registering event source with poller: token=Token(1), interests=READABLE
2026-02-06T15:25:05.190264Z TRACE (ThreadId(28)) start runtime::block_on
2026-02-06T15:25:05.190924Z TRACE wait at most 30s
2026-02-06T15:25:05.190929Z TRACE (ThreadId(1)) park timeout 29.999999875s
2026-02-06T15:25:05.191011Z TRACE checkout waiting for idle connection: ("http", 127.0.0.1:3030)
2026-02-06T15:25:05.191048Z DEBUG starting new connection: http://127.0.0.1:3030/
2026-02-06T15:25:05.191072Z TRACE Http::connect; scheme=Some("http"), host=Some("127.0.0.1"), port=Some(Port(3030))
2026-02-06T15:25:05.191085Z DEBUG connecting to 127.0.0.1:3030
2026-02-06T15:25:05.191150Z TRACE registering event source with poller: token=Token(5425541504), interests=READABLE | WRITABLE
2026-02-06T15:25:05.191326Z DEBUG connected to 127.0.0.1:3030
2026-02-06T15:25:05.191360Z TRACE registering event source with poller: token=Token(5446328320), interests=READABLE | WRITABLE
2026-02-06T15:25:05.191368Z TRACE connection 127.0.0.1:60430 accepted
2026-02-06T15:25:05.191395Z TRACE http1 handshake complete, spawning background dispatcher task
2026-02-06T15:25:05.191398Z TRACE waiting for connection to be ready
2026-02-06T15:25:05.191423Z TRACE connection is ready
2026-02-06T15:25:05.191426Z TRACE checkout dropped for ("http", 127.0.0.1:3030)
2026-02-06T15:25:05.191714Z  INFO Received POST /block/create from 127.0.0.1:60430
2026-02-06T15:25:05.191768Z DEBUG request{method=POST uri=/block/create version=HTTP/1.1}: started processing request
2026-02-06T15:25:05.193057Z DEBUG Queuing operation 'atomic speculate (height 1, round 1)' for sequential processing
2026-02-06T15:25:05.193070Z DEBUG Sequentially processing operation 'atomic speculate (height 1, round 1)'
2026-02-06T15:25:05.208899Z TRACE Total stake invalidated due to validator not in committee: 0
2026-02-06T15:25:05.216467Z DEBUG Queuing operation 'add block (ab1elpla7djugux47kvwtp7gwkudjkhg9jgemf3zsszsncjrrxrn5rsd804qf)' for sequential processing
2026-02-06T15:25:05.216492Z DEBUG Sequentially processing operation 'add block (ab1elpla7djugux47kvwtp7gwkudjkhg9jgemf3zsszsncjrrxrn5rsd804qf)'
2026-02-06T15:25:05.233823Z TRACE Total stake invalidated due to validator not in committee: 0
2026-02-06T15:25:05.235777Z DEBUG Queuing operation 'atomic speculate (height 2, round 2)' for sequential processing
2026-02-06T15:25:05.235794Z DEBUG Sequentially processing operation 'atomic speculate (height 2, round 2)'
2026-02-06T15:25:05.251197Z TRACE Total stake invalidated due to validator not in committee: 0
2026-02-06T15:25:05.258645Z DEBUG Queuing operation 'add block (ab1jdtxg8zkwfgvyq2v28fxk7hl6xqxf29axu3pw5guf92zua5j55ysnc6t2x)' for sequential processing
2026-02-06T15:25:05.258681Z DEBUG Sequentially processing operation 'add block (ab1jdtxg8zkwfgvyq2v28fxk7hl6xqxf29axu3pw5guf92zua5j55ysnc6t2x)'
2026-02-06T15:25:05.275828Z TRACE Total stake invalidated due to validator not in committee: 0
2026-02-06T15:25:05.277672Z DEBUG Queuing operation 'atomic speculate (height 3, round 3)' for sequential processing
2026-02-06T15:25:05.277703Z DEBUG Sequentially processing operation 'atomic speculate (height 3, round 3)'
2026-02-06T15:25:05.293005Z TRACE Total stake invalidated due to validator not in committee: 0
2026-02-06T15:25:05.300279Z DEBUG Queuing operation 'add block (ab1zjz3f8ulfguvl6qqg9j9s7trwcnqeqwn4npnhynn49ympw5mx5rsf46zlc)' for sequential processing
2026-02-06T15:25:05.300301Z DEBUG Sequentially processing operation 'add block (ab1zjz3f8ulfguvl6qqg9j9s7trwcnqeqwn4npnhynn49ympw5mx5rsf46zlc)'
2026-02-06T15:25:05.317354Z TRACE Total stake invalidated due to validator not in committee: 0
2026-02-06T15:25:05.319208Z DEBUG Queuing operation 'atomic speculate (height 4, round 4)' for sequential processing
2026-02-06T15:25:05.319222Z DEBUG Sequentially processing operation 'atomic speculate (height 4, round 4)'
2026-02-06T15:25:05.334591Z TRACE Total stake invalidated due to validator not in committee: 0
2026-02-06T15:25:05.341909Z DEBUG Queuing operation 'add block (ab1x3mf24jf0uh9ltq0rzsklar552zlt03knh7prredeaqeag8ylgps97cgw9)' for sequential processing
2026-02-06T15:25:05.341928Z DEBUG Sequentially processing operation 'add block (ab1x3mf24jf0uh9ltq0rzsklar552zlt03knh7prredeaqeag8ylgps97cgw9)'
2026-02-06T15:25:05.359143Z TRACE Total stake invalidated due to validator not in committee: 0
2026-02-06T15:25:05.360920Z DEBUG Queuing operation 'atomic speculate (height 5, round 5)' for sequential processing
2026-02-06T15:25:05.360938Z DEBUG Sequentially processing operation 'atomic speculate (height 5, round 5)'
2026-02-06T15:25:05.376407Z TRACE Total stake invalidated due to validator not in committee: 0
2026-02-06T15:25:05.383914Z DEBUG Queuing operation 'add block (ab1jesngqxvx3y5zl35tyx3aeq8949afd7wmdd2qfgx4f8qs36hpuzseduesd)' for sequential processing
2026-02-06T15:25:05.383941Z DEBUG Sequentially processing operation 'add block (ab1jesngqxvx3y5zl35tyx3aeq8949afd7wmdd2qfgx4f8qs36hpuzseduesd)'
2026-02-06T15:25:05.401220Z TRACE Total stake invalidated due to validator not in committee: 0
2026-02-06T15:25:05.403013Z DEBUG Queuing operation 'atomic speculate (height 6, round 6)' for sequential processing
2026-02-06T15:25:05.403027Z DEBUG Sequentially processing operation 'atomic speculate (height 6, round 6)'
2026-02-06T15:25:05.418577Z TRACE Total stake invalidated due to validator not in committee: 0
2026-02-06T15:25:05.425841Z DEBUG Queuing operation 'add block (ab1fqp9lex7x2332ca6m9dfed59dx0hdadhz49ztk5gqwmwcaxpggqq2hmcus)' for sequential processing
2026-02-06T15:25:05.425861Z DEBUG Sequentially processing operation 'add block (ab1fqp9lex7x2332ca6m9dfed59dx0hdadhz49ztk5gqwmwcaxpggqq2hmcus)'
2026-02-06T15:25:05.443125Z TRACE Total stake invalidated due to validator not in committee: 0
2026-02-06T15:25:05.444975Z DEBUG Queuing operation 'atomic speculate (height 7, round 7)' for sequential processing
2026-02-06T15:25:05.444991Z DEBUG Sequentially processing operation 'atomic speculate (height 7, round 7)'
2026-02-06T15:25:05.460705Z TRACE Total stake invalidated due to validator not in committee: 0
2026-02-06T15:25:05.467620Z DEBUG Queuing operation 'add block (ab1gvv2s0u0shwevqvhwzx45up65yrhegj2xrfyt2tdhh67zxsg45ps6qs3g7)' for sequential processing
2026-02-06T15:25:05.467647Z DEBUG Sequentially processing operation 'add block (ab1gvv2s0u0shwevqvhwzx45up65yrhegj2xrfyt2tdhh67zxsg45ps6qs3g7)'
2026-02-06T15:25:05.484476Z TRACE Total stake invalidated due to validator not in committee: 0
2026-02-06T15:25:05.486351Z DEBUG Queuing operation 'atomic speculate (height 8, round 8)' for sequential processing
2026-02-06T15:25:05.486368Z DEBUG Sequentially processing operation 'atomic speculate (height 8, round 8)'
2026-02-06T15:25:05.501855Z TRACE Total stake invalidated due to validator not in committee: 0
2026-02-06T15:25:05.509298Z DEBUG Queuing operation 'add block (ab17y52l8hjrk3kj7xex6c3pm830u7tqc8vnt5ydf9h8jg5vzavc5xsh3thkj)' for sequential processing
2026-02-06T15:25:05.509329Z DEBUG Sequentially processing operation 'add block (ab17y52l8hjrk3kj7xex6c3pm830u7tqc8vnt5ydf9h8jg5vzavc5xsh3thkj)'
2026-02-06T15:25:05.526873Z TRACE Total stake invalidated due to validator not in committee: 0
2026-02-06T15:25:05.528615Z DEBUG Queuing operation 'atomic speculate (height 9, round 9)' for sequential processing
2026-02-06T15:25:05.528633Z DEBUG Sequentially processing operation 'atomic speculate (height 9, round 9)'
2026-02-06T15:25:05.544016Z TRACE Total stake invalidated due to validator not in committee: 0
2026-02-06T15:25:05.551406Z DEBUG Queuing operation 'add block (ab1v5qyxslvttvzd7h3659l24k8qrgnlwstu3kkgrsw4k5z2t2tpurqt065vm)' for sequential processing
2026-02-06T15:25:05.551425Z DEBUG Sequentially processing operation 'add block (ab1v5qyxslvttvzd7h3659l24k8qrgnlwstu3kkgrsw4k5z2t2tpurqt065vm)'
2026-02-06T15:25:05.568729Z TRACE Total stake invalidated due to validator not in committee: 0
2026-02-06T15:25:05.570558Z DEBUG Queuing operation 'atomic speculate (height 10, round 10)' for sequential processing
2026-02-06T15:25:05.570577Z DEBUG Sequentially processing operation 'atomic speculate (height 10, round 10)'
2026-02-06T15:25:05.586005Z TRACE Total stake invalidated due to validator not in committee: 0
2026-02-06T15:25:05.593375Z DEBUG Queuing operation 'add block (ab1jcyf05f83rsevzx4arwe2k52t4w4qcz5c90xnc5xpeu0qc53wy8sq2htn6)' for sequential processing
2026-02-06T15:25:05.593401Z DEBUG Sequentially processing operation 'add block (ab1jcyf05f83rsevzx4arwe2k52t4w4qcz5c90xnc5xpeu0qc53wy8sq2htn6)'
2026-02-06T15:25:05.610495Z TRACE Total stake invalidated due to validator not in committee: 0
2026-02-06T15:25:05.612314Z DEBUG Queuing operation 'atomic speculate (height 11, round 11)' for sequential processing
2026-02-06T15:25:05.612334Z DEBUG Sequentially processing operation 'atomic speculate (height 11, round 11)'
2026-02-06T15:25:05.627938Z TRACE Total stake invalidated due to validator not in committee: 0
2026-02-06T15:25:05.635226Z DEBUG Queuing operation 'add block (ab1wvp7xdzha6hg6chvhjdd82vf0d2jt5dyprk4r0j2ctvqfpnwvczs7rdyy0)' for sequential processing
2026-02-06T15:25:05.635251Z DEBUG Sequentially processing operation 'add block (ab1wvp7xdzha6hg6chvhjdd82vf0d2jt5dyprk4r0j2ctvqfpnwvczs7rdyy0)'
2026-02-06T15:25:05.652405Z TRACE Total stake invalidated due to validator not in committee: 0
2026-02-06T15:25:05.670068Z DEBUG Queuing operation 'atomic speculate (height 12, round 12)' for sequential processing
2026-02-06T15:25:05.670093Z DEBUG Sequentially processing operation 'atomic speculate (height 12, round 12)'
2026-02-06T15:25:05.685603Z TRACE Total stake invalidated due to validator not in committee: 0
2026-02-06T15:25:05.693001Z DEBUG Queuing operation 'add block (ab15l0k05myd3skstzq0hy0u28707nhq2zp3ykuyqhz7dqxcx9465xq4nqwrf)' for sequential processing
2026-02-06T15:25:05.693034Z DEBUG Sequentially processing operation 'add block (ab15l0k05myd3skstzq0hy0u28707nhq2zp3ykuyqhz7dqxcx9465xq4nqwrf)'
2026-02-06T15:25:05.710069Z TRACE Total stake invalidated due to validator not in committee: 0
2026-02-06T15:25:05.711972Z DEBUG Queuing operation 'atomic speculate (height 13, round 13)' for sequential processing
2026-02-06T15:25:05.711987Z DEBUG Sequentially processing operation 'atomic speculate (height 13, round 13)'
2026-02-06T15:25:05.727127Z TRACE Total stake invalidated due to validator not in committee: 0
2026-02-06T15:25:05.734376Z DEBUG Queuing operation 'add block (ab1clvk6z6jf2ycym6gca8d0dg55yy7mth2maeywudx75qqk0chgszqqraljy)' for sequential processing
2026-02-06T15:25:05.734393Z DEBUG Sequentially processing operation 'add block (ab1clvk6z6jf2ycym6gca8d0dg55yy7mth2maeywudx75qqk0chgszqqraljy)'
2026-02-06T15:25:05.751630Z TRACE Total stake invalidated due to validator not in committee: 0
2026-02-06T15:25:05.753496Z DEBUG Queuing operation 'atomic speculate (height 14, round 14)' for sequential processing
2026-02-06T15:25:05.753511Z DEBUG Sequentially processing operation 'atomic speculate (height 14, round 14)'
2026-02-06T15:25:05.769084Z TRACE Total stake invalidated due to validator not in committee: 0
2026-02-06T15:25:05.776289Z DEBUG Queuing operation 'add block (ab1fsv7tl6xlp779ez7mtgvh8ylfs2zwms4j54pffjjgl4y0m0gvuzqcrf56q)' for sequential processing
2026-02-06T15:25:05.776328Z DEBUG Sequentially processing operation 'add block (ab1fsv7tl6xlp779ez7mtgvh8ylfs2zwms4j54pffjjgl4y0m0gvuzqcrf56q)'
2026-02-06T15:25:05.793668Z TRACE Total stake invalidated due to validator not in committee: 0
2026-02-06T15:25:05.795430Z DEBUG Queuing operation 'atomic speculate (height 15, round 15)' for sequential processing
2026-02-06T15:25:05.795447Z DEBUG Sequentially processing operation 'atomic speculate (height 15, round 15)'
2026-02-06T15:25:05.810948Z TRACE Total stake invalidated due to validator not in committee: 0
2026-02-06T15:25:05.818195Z DEBUG Queuing operation 'add block (ab18yjtae49s2ppdt0r4zhqhe0wr33fjl2zd7kwrqnrk5hygvejes8sjta694)' for sequential processing
2026-02-06T15:25:05.818219Z DEBUG Sequentially processing operation 'add block (ab18yjtae49s2ppdt0r4zhqhe0wr33fjl2zd7kwrqnrk5hygvejes8sjta694)'
2026-02-06T15:25:05.835583Z TRACE Total stake invalidated due to validator not in committee: 0
2026-02-06T15:25:05.837416Z DEBUG Queuing operation 'atomic speculate (height 16, round 16)' for sequential processing
2026-02-06T15:25:05.837441Z DEBUG Sequentially processing operation 'atomic speculate (height 16, round 16)'
2026-02-06T15:25:05.852893Z TRACE Total stake invalidated due to validator not in committee: 0
2026-02-06T15:25:05.860257Z DEBUG Queuing operation 'add block (ab1u7la7kzkuckw82yusr6vxv4a0shp8v6y3p2chdy00ldv4eud6uzqjc4vcw)' for sequential processing
2026-02-06T15:25:05.860280Z DEBUG Sequentially processing operation 'add block (ab1u7la7kzkuckw82yusr6vxv4a0shp8v6y3p2chdy00ldv4eud6uzqjc4vcw)'
2026-02-06T15:25:05.877872Z TRACE Total stake invalidated due to validator not in committee: 0
2026-02-06T15:25:05.879822Z DEBUG request{method=POST uri=/block/create version=HTTP/1.1}: finished processing request latency=688 ms status=200
2026-02-06T15:25:05.880021Z TRACE put; add idle connection for ("http", 127.0.0.1:3030)
2026-02-06T15:25:05.880031Z DEBUG pooling idle connection for ("http", 127.0.0.1:3030)
2026-02-06T15:25:05.880041Z TRACE shouldn't retry!
2026-02-06T15:25:05.880070Z TRACE closing runtime thread (ThreadId(28))
2026-02-06T15:25:05.880079Z TRACE signaled close for runtime thread (ThreadId(28))
2026-02-06T15:25:05.880081Z TRACE (ThreadId(28)) Receiver is shutdown
2026-02-06T15:25:05.880090Z TRACE (ThreadId(28)) end runtime::block_on
2026-02-06T15:25:05.880094Z TRACE deregistering event source from poller
2026-02-06T15:25:05.880122Z TRACE (ThreadId(28)) finished
2026-02-06T15:25:05.880160Z TRACE deregistering event source from poller
2026-02-06T15:25:05.880170Z TRACE closed runtime thread (ThreadId(28))
2026-02-06T15:25:09.912501Z TRACE registering event source with poller: token=Token(5445287680), interests=READABLE | WRITABLE
2026-02-06T15:25:09.912562Z TRACE connection 127.0.0.1:60436 accepted
2026-02-06T15:25:09.912709Z  INFO Received GET /program/credits.aleo from 127.0.0.1:60436
2026-02-06T15:25:09.912740Z DEBUG request{method=GET uri=/program/credits.aleo version=HTTP/1.1}: started processing request
2026-02-06T15:25:09.913140Z DEBUG request{method=GET uri=/program/credits.aleo version=HTTP/1.1}: finished processing request latency=0 ms status=200
2026-02-06T15:25:09.913377Z TRACE deregistering event source from poller
2026-02-06T15:25:09.947262Z TRACE registering event source with poller: token=Token(5425438592), interests=READABLE | WRITABLE
2026-02-06T15:25:09.947280Z TRACE connection 127.0.0.1:60438 accepted
2026-02-06T15:25:09.947345Z  INFO Received GET /block/height/latest from 127.0.0.1:60438
2026-02-06T15:25:09.947356Z DEBUG request{method=GET uri=/block/height/latest version=HTTP/1.1}: started processing request
2026-02-06T15:25:09.947383Z DEBUG request{method=GET uri=/block/height/latest version=HTTP/1.1}: finished processing request latency=0 ms status=200
2026-02-06T15:25:09.947520Z TRACE deregistering event source from poller
2026-02-06T15:25:09.948152Z TRACE registering event source with poller: token=Token(5445287680), interests=READABLE | WRITABLE
2026-02-06T15:25:09.948162Z TRACE connection 127.0.0.1:60440 accepted
2026-02-06T15:25:09.948200Z  INFO Received GET /consensus_version from 127.0.0.1:60440
2026-02-06T15:25:09.948207Z DEBUG request{method=GET uri=/consensus_version version=HTTP/1.1}: started processing request
2026-02-06T15:25:09.948215Z DEBUG request{method=GET uri=/consensus_version version=HTTP/1.1}: finished processing request latency=0 ms status=200
2026-02-06T15:25:09.948334Z TRACE deregistering event source from poller
2026-02-06T15:25:09.948925Z TRACE registering event source with poller: token=Token(5445287680), interests=READABLE | WRITABLE
2026-02-06T15:25:09.948931Z TRACE connection 127.0.0.1:60442 accepted
2026-02-06T15:25:09.948949Z  INFO Received GET /consensus_version from 127.0.0.1:60442
2026-02-06T15:25:09.948954Z DEBUG request{method=GET uri=/consensus_version version=HTTP/1.1}: started processing request
2026-02-06T15:25:09.948959Z DEBUG request{method=GET uri=/consensus_version version=HTTP/1.1}: finished processing request latency=0 ms status=200
2026-02-06T15:25:09.949069Z TRACE deregistering event source from poller
2026-02-06T15:26:43.460793Z TRACE registering event source with poller: token=Token(5445287680), interests=READABLE | WRITABLE
2026-02-06T15:26:43.461584Z TRACE connection 127.0.0.1:60463 accepted
2026-02-06T15:26:43.461651Z  INFO Received GET /block/height/latest from 127.0.0.1:60463
2026-02-06T15:26:43.461670Z DEBUG request{method=GET uri=/block/height/latest version=HTTP/1.1}: started processing request
2026-02-06T15:26:43.461683Z DEBUG request{method=GET uri=/block/height/latest version=HTTP/1.1}: finished processing request latency=0 ms status=200
2026-02-06T15:26:43.461849Z TRACE deregistering event source from poller
2026-02-06T15:26:43.544087Z TRACE registering event source with poller: token=Token(5425438592), interests=READABLE | WRITABLE
2026-02-06T15:26:43.544103Z TRACE connection 127.0.0.1:60464 accepted
2026-02-06T15:26:43.544129Z  INFO Received GET /block/height/latest from 127.0.0.1:60464
2026-02-06T15:26:43.544137Z DEBUG request{method=GET uri=/block/height/latest version=HTTP/1.1}: started processing request
2026-02-06T15:26:43.544145Z DEBUG request{method=GET uri=/block/height/latest version=HTTP/1.1}: finished processing request latency=0 ms status=200
2026-02-06T15:26:43.544277Z TRACE deregistering event source from poller
2026-02-06T15:26:44.141473Z TRACE registering event source with poller: token=Token(5425438592), interests=READABLE | WRITABLE
2026-02-06T15:26:44.141509Z TRACE connection 127.0.0.1:60465 accepted
2026-02-06T15:26:44.141555Z  INFO Received GET /block/height/latest from 127.0.0.1:60465
2026-02-06T15:26:44.141569Z DEBUG request{method=GET uri=/block/height/latest version=HTTP/1.1}: started processing request
2026-02-06T15:26:44.141579Z DEBUG request{method=GET uri=/block/height/latest version=HTTP/1.1}: finished processing request latency=0 ms status=200
2026-02-06T15:26:44.141750Z TRACE deregistering event source from poller
2026-02-06T15:26:44.142350Z TRACE registering event source with poller: token=Token(5425438592), interests=READABLE | WRITABLE
2026-02-06T15:26:44.142361Z TRACE connection 127.0.0.1:60466 accepted
2026-02-06T15:26:44.142379Z  INFO Received GET /stateRoot/latest from 127.0.0.1:60466
2026-02-06T15:26:44.142385Z DEBUG request{method=GET uri=/stateRoot/latest version=HTTP/1.1}: started processing request
2026-02-06T15:26:44.142398Z DEBUG request{method=GET uri=/stateRoot/latest version=HTTP/1.1}: finished processing request latency=0 ms status=200
2026-02-06T15:26:44.142561Z TRACE deregistering event source from poller
2026-02-06T15:26:44.688907Z TRACE registering event source with poller: token=Token(5446321920), interests=READABLE | WRITABLE
2026-02-06T15:26:44.688927Z TRACE connection 127.0.0.1:60467 accepted
2026-02-06T15:26:44.688992Z  INFO Received GET /program/credits.aleo from 127.0.0.1:60467
2026-02-06T15:26:44.689007Z DEBUG request{method=GET uri=/program/credits.aleo version=HTTP/1.1}: started processing request
2026-02-06T15:26:44.689167Z DEBUG request{method=GET uri=/program/credits.aleo version=HTTP/1.1}: finished processing request latency=0 ms status=200
2026-02-06T15:26:44.689303Z TRACE deregistering event source from poller
2026-02-06T15:26:44.712984Z TRACE registering event source with poller: token=Token(5444230784), interests=READABLE | WRITABLE
2026-02-06T15:26:44.713005Z TRACE connection 127.0.0.1:60468 accepted
2026-02-06T15:26:44.713054Z  INFO Received GET /block/height/latest from 127.0.0.1:60468
2026-02-06T15:26:44.713063Z DEBUG request{method=GET uri=/block/height/latest version=HTTP/1.1}: started processing request
2026-02-06T15:26:44.713072Z DEBUG request{method=GET uri=/block/height/latest version=HTTP/1.1}: finished processing request latency=0 ms status=200
2026-02-06T15:26:44.713172Z TRACE deregistering event source from poller
2026-02-06T15:26:44.713519Z TRACE registering event source with poller: token=Token(5444230784), interests=READABLE | WRITABLE
2026-02-06T15:26:44.713527Z TRACE connection 127.0.0.1:60469 accepted
2026-02-06T15:26:44.713572Z  INFO Received GET /consensus_version from 127.0.0.1:60469
2026-02-06T15:26:44.713579Z DEBUG request{method=GET uri=/consensus_version version=HTTP/1.1}: started processing request
2026-02-06T15:26:44.713586Z DEBUG request{method=GET uri=/consensus_version version=HTTP/1.1}: finished processing request latency=0 ms status=200
2026-02-06T15:26:44.713692Z TRACE deregistering event source from poller
2026-02-06T15:26:44.714003Z TRACE registering event source with poller: token=Token(5446321920), interests=READABLE | WRITABLE
2026-02-06T15:26:44.714012Z TRACE connection 127.0.0.1:60470 accepted
2026-02-06T15:26:44.714047Z  INFO Received GET /program/credits.aleo from 127.0.0.1:60470
2026-02-06T15:26:44.714053Z DEBUG request{method=GET uri=/program/credits.aleo version=HTTP/1.1}: started processing request
2026-02-06T15:26:44.714231Z DEBUG request{method=GET uri=/program/credits.aleo version=HTTP/1.1}: finished processing request latency=0 ms status=200
2026-02-06T15:26:44.714321Z TRACE deregistering event source from poller
2026-02-06T15:26:44.718677Z TRACE registering event source with poller: token=Token(5446321920), interests=READABLE | WRITABLE
2026-02-06T15:26:44.718685Z TRACE connection 127.0.0.1:60471 accepted
2026-02-06T15:26:44.718727Z  INFO Received GET /program/wrapped_credits.aleo from 127.0.0.1:60471
2026-02-06T15:26:44.718738Z DEBUG request{method=GET uri=/program/wrapped_credits.aleo version=HTTP/1.1}: started processing request
2026-02-06T15:26:44.718765Z  INFO request{method=GET uri=/program/wrapped_credits.aleo version=HTTP/1.1}: Returning REST error: {"message":"Failed to find program `wrapped_credits.aleo`","error_type":"internal_server_error","chain":["Missing program for ID wrapped_credits.aleo"]}
2026-02-06T15:26:44.718769Z DEBUG request{method=GET uri=/program/wrapped_credits.aleo version=HTTP/1.1}: finished processing request latency=0 ms status=500
2026-02-06T15:26:44.718773Z ERROR request{method=GET uri=/program/wrapped_credits.aleo version=HTTP/1.1}: response failed classification=Status code: 500 Internal Server Error latency=0 ms
2026-02-06T15:26:44.718779Z DEBUG request{method=GET uri=/program/wrapped_credits.aleo version=HTTP/1.1}: end of stream stream_duration=0 ms
2026-02-06T15:26:44.718877Z TRACE deregistering event source from poller
2026-02-06T15:26:44.725670Z TRACE registering event source with poller: token=Token(5446321920), interests=READABLE | WRITABLE
2026-02-06T15:26:44.725678Z TRACE connection 127.0.0.1:60472 accepted
2026-02-06T15:26:44.725722Z  INFO Received GET /consensus_version from 127.0.0.1:60472
2026-02-06T15:26:44.725728Z DEBUG request{method=GET uri=/consensus_version version=HTTP/1.1}: started processing request
2026-02-06T15:26:44.725734Z DEBUG request{method=GET uri=/consensus_version version=HTTP/1.1}: finished processing request latency=0 ms status=200
2026-02-06T15:26:44.725852Z TRACE deregistering event source from poller
